System Health Monitor Log - Started at 2026-01-14 13:50:24.962720
OS: Windows 10.0.26100
============================================================

2026-01-14 13:50:25 - Starting system health monitoring (Interval: 5s)
2026-01-14 13:50:26 - 
============================================================
System Health Report - 2026-01-14 13:50:25
OS: Windows 10.0.26100
============================================================

[CPU]
  Usage: 22.1%
  Cores: 12
  Frequency: 2000.0 MHz (Max: 2000.0 MHz)
  Per Core: C1:0.0% | C2:0.0% | C3:0.0% | C4:0.0% | C5:0.0% | C6:0.0% | C7:0.0% | C8:16.7% | C9:14.3% | C10:50.0% | C11:0.0% | C12:71.4%

[MEMORY]
  Total: 7.31 GB
  Used: 6.58 GB (90.0%)
  Available: 0.73 GB (10.0%)
  Swap: 1.97/22.0 GB (9.0%)

[DISK - C:\]
  Total: 237.42 GB
  Used: 157.29 GB (66.3%)
  Free: 80.13 GB

[ALL DRIVES]
  C:\ -> C:\: 66.3% used (80.13 GB free)

[NETWORK]
  Sent: 13.48 MB
  Received: 55.28 MB
  Active Connections: 181

[TOP PROCESSES]
  1. System Idle Process (PID:0): CPU:0.0%, MEM:0.0%
  2. System (PID:4): CPU:0.0%, MEM:0.0%
  3.  (PID:188): CPU:0.0%, MEM:0.5%

[SYSTEM]
  Boot Time: 2026-01-14 13:39:27
  Uptime: 0 days, 00:10:58
  Running Processes: 299

[!] ALERTS:
  ⚠ High memory usage: 90.0%

============================================================
2026-01-14 13:50:32 - 
============================================================
System Health Report - 2026-01-14 13:50:31
OS: Windows 10.0.26100
============================================================

[CPU]
  Usage: 18.2%
  Cores: 12
  Frequency: 2000.0 MHz (Max: 2000.0 MHz)
  Per Core: C1:0.0% | C2:0.0% | C3:0.0% | C4:0.0% | C5:0.0% | C6:0.0% | C7:75.0% | C8:0.0% | C9:16.7% | C10:16.7% | C11:0.0% | C12:20.0%

[MEMORY]
  Total: 7.31 GB
  Used: 6.58 GB (90.0%)
  Available: 0.73 GB (10.0%)
  Swap: 1.97/22.0 GB (9.0%)

[DISK - C:\]
  Total: 237.42 GB
  Used: 157.32 GB (66.3%)
  Free: 80.1 GB

[ALL DRIVES]
  C:\ -> C:\: 66.3% used (80.1 GB free)

[NETWORK]
  Sent: 13.52 MB
  Received: 55.31 MB
  Active Connections: 184

[TOP PROCESSES]
  1. System Idle Process (PID:0): CPU:981.6%, MEM:0.0%
  2. OneDrive.exe (PID:17800): CPU:91.9%, MEM:12.9%
  3. System (PID:4): CPU:16.4%, MEM:0.0%

[SYSTEM]
  Boot Time: 2026-01-14 13:39:27
  Uptime: 0 days, 00:11:04
  Running Processes: 299

[!] ALERTS:
  ⚠ High memory usage: 90.0%

============================================================

==================================================
System Check at 2026-01-14 13:51:54.796256
Starting continuous monitoring (Interval: 5s)

==================================================
SYSTEM HEALTH REPORT
Time: 2026-01-14 13:51:55
==================================================

CPU: 18.8% (Cores: 12)
Memory: 6.71/7.31 GB (91.7%)
Disk C:\: 157.32/237.42 GB (66.3%)

[ALERTS]
[!] Memory High: 91.7%

==================================================

==================================================
SYSTEM HEALTH REPORT
Time: 2026-01-14 13:52:00
==================================================

CPU: 11.7% (Cores: 12)
Memory: 6.65/7.31 GB (91.0%)
Disk C:\: 157.31/237.42 GB (66.3%)

[ALERTS]
[!] Memory High: 91.0%

==================================================

==================================================
SYSTEM HEALTH REPORT
Time: 2026-01-14 13:52:06
==================================================

CPU: 15.0% (Cores: 12)
Memory: 6.66/7.31 GB (91.1%)
Disk C:\: 157.36/237.42 GB (66.3%)

[ALERTS]
[!] Memory High: 91.1%

==================================================

==================================================
SYSTEM HEALTH REPORT
Time: 2026-01-14 13:52:11
==================================================

CPU: 12.7% (Cores: 12)
Memory: 6.74/7.31 GB (92.2%)
Disk C:\: 157.48/237.42 GB (66.3%)

[ALERTS]
[!] Memory High: 92.2%

==================================================

==================================================
SYSTEM HEALTH REPORT
Time: 2026-01-14 13:52:17
==================================================

CPU: 12.2% (Cores: 12)
Memory: 6.7/7.31 GB (91.6%)
Disk C:\: 157.54/237.42 GB (66.4%)

[ALERTS]
[!] Memory High: 91.6%

==================================================

==================================================
System Check at 2026-01-14 13:53:45.996471
Starting continuous monitoring (Interval: 5s)

==================================================
SYSTEM HEALTH REPORT
Time: 2026-01-14 13:53:46
==================================================

CPU: 24.3% (Cores: 12)
Memory: 6.74/7.31 GB (92.2%)
Disk C:\: 157.79/237.42 GB (66.5%)

==================================================
System Check at 2026-01-14 13:55:22.123801
Starting continuous monitoring (Interval: 5s)

==================================================
SYSTEM HEALTH REPORT
Time: 2026-01-14 13:55:22
==================================================

CPU: 45.5% (Cores: 12)
Memory: 6.8/7.31 GB (93.0%)
Disk C:\: 157.89/237.42 GB (66.5%)
Network UP: 0.0 MB/s  DOWN: 0.001 MB/s
Packets Sent: 0  Received: 5

[ALERTS]
[!] Memory High: 93.0%

==================================================

==================================================
SYSTEM HEALTH REPORT
Time: 2026-01-14 13:55:28
==================================================

CPU: 11.1% (Cores: 12)
Memory: 6.74/7.31 GB (92.1%)
Disk C:\: 157.89/237.42 GB (66.5%)
Network UP: 0.067 MB/s  DOWN: 0.608 MB/s
Packets Sent: 86  Received: 470

[ALERTS]
[!] Memory High: 92.1%

==================================================

==================================================
SYSTEM HEALTH REPORT
Time: 2026-01-14 13:55:33
==================================================

CPU: 20.2% (Cores: 12)
Memory: 6.78/7.31 GB (92.7%)
Disk C:\: 157.8/237.42 GB (66.5%)
Network UP: 0.048 MB/s  DOWN: 3.852 MB/s
Packets Sent: 220  Received: 2714

[ALERTS]
[!] Memory High: 92.7%

==================================================

==================================================
SYSTEM HEALTH REPORT
Time: 2026-01-14 13:55:39
==================================================

CPU: 28.4% (Cores: 12)
Memory: 6.61/7.31 GB (90.4%)
Disk C:\: 157.8/237.42 GB (66.5%)
Network UP: 0.041 MB/s  DOWN: 0.033 MB/s
Packets Sent: 48  Received: 76

[ALERTS]
[!] Memory High: 90.4%

==================================================

==================================================
SYSTEM HEALTH REPORT
Time: 2026-01-14 13:55:44
==================================================

CPU: 28.6% (Cores: 12)
Memory: 6.68/7.31 GB (91.3%)
Disk C:\: 157.8/237.42 GB (66.5%)
Network UP: 0.204 MB/s  DOWN: 0.111 MB/s
Packets Sent: 126  Received: 202

[ALERTS]
[!] Memory High: 91.3%

==================================================

==================================================
SYSTEM HEALTH REPORT
Time: 2026-01-14 13:55:50
==================================================

CPU: 32.0% (Cores: 12)
Memory: 6.64/7.31 GB (90.8%)
Disk C:\: 157.82/237.42 GB (66.5%)
Network UP: 0.059 MB/s  DOWN: 0.098 MB/s
Packets Sent: 143  Received: 182

[ALERTS]
[!] Memory High: 90.8%

==================================================

==================================================
System Check at 2026-01-14 14:35:43.707133
Starting continuous monitoring (Interval: 5s)

==================================================
SYSTEM HEALTH REPORT
Time: 2026-01-14 14:35:44
==================================================

CPU: 21.1% (Cores: 12)
Memory: 6.73/7.31 GB (92.0%)
Disk C:\: 157.52/237.42 GB (66.3%)
Network UP: 0.013 MB/s  DOWN: 0.027 MB/s
Packets Sent: 34  Received: 42

[ALERTS]
[!] Memory High: 92.0%

==================================================

==================================================
SYSTEM HEALTH REPORT
Time: 2026-01-14 14:35:49
==================================================

CPU: 28.9% (Cores: 12)
Memory: 6.78/7.31 GB (92.7%)
Disk C:\: 157.55/237.42 GB (66.4%)
Network UP: 0.098 MB/s  DOWN: 0.055 MB/s
Packets Sent: 298  Received: 157

[ALERTS]
[!] Memory High: 92.7%

==================================================

==================================================
SYSTEM HEALTH REPORT
Time: 2026-01-14 14:35:55
==================================================

CPU: 11.1% (Cores: 12)
Memory: 6.31/7.31 GB (86.3%)
Disk C:\: 157.55/237.42 GB (66.4%)
Network UP: 0.014 MB/s  DOWN: 0.01 MB/s
Packets Sent: 102  Received: 23

[ALERTS]
[!] Memory High: 86.3%

==================================================

==================================================
SYSTEM HEALTH REPORT
Time: 2026-01-14 14:36:00
==================================================

CPU: 14.1% (Cores: 12)
Memory: 6.25/7.31 GB (85.4%)
Disk C:\: 157.59/237.42 GB (66.4%)
Network UP: 0.015 MB/s  DOWN: 0.015 MB/s
Packets Sent: 99  Received: 44

[ALERTS]
[!] Memory High: 85.4%

==================================================

==================================================
SYSTEM HEALTH REPORT
Time: 2026-01-14 14:36:06
==================================================

CPU: 10.2% (Cores: 12)
Memory: 6.28/7.31 GB (85.9%)
Disk C:\: 157.62/237.42 GB (66.4%)
Network UP: 0.004 MB/s  DOWN: 0.004 MB/s
Packets Sent: 13  Received: 25

[ALERTS]
[!] Memory High: 85.9%

==================================================
